<?xml version="1.0" encoding="UTF-8"?>
<testsuite name="com.randomlygenerated.tests.Boat_Test" tests="1" skipped="0" failures="0" errors="0" timestamp="2021-01-28T09:33:22" hostname="DEV-PC" time="0.102">
  <properties/>
  <testcase name="boatMove" classname="com.randomlygenerated.tests.Boat_Test" time="0.102"/>
  <system-out><![CDATA[]]></system-out>
  <system-err><![CDATA[]]></system-err>
</testsuite>
